<?xml version="1.0" encoding="UTF-8"?>
<!-- Generated by org.testng.reporters.JUnitReportReporter -->
<testsuite hostname="E5-RDS01-2016" failures="0" tests="1" name="Automation.Homepage" time="2.360" errors="0" timestamp="2022-08-03T08:26:24 GMT" skipped="0">
  <testcase classname="Automation.Homepage" name="windowCreation" time="2.360"/>
  <system-out/>
</testsuite> <!-- Automation.Homepage -->
