<?xml version="1.0" encoding="UTF-8"?>
<!-- Generated by org.testng.reporters.JUnitReportReporter -->
<testsuite hostname="E5-RDS01-2016" failures="0" tests="1" name="Database.SQL1" time="7.916" errors="0" timestamp="2022-08-03T08:19:55 GMT" skipped="0">
  <testcase classname="Database.SQL1" name="windowCreation" time="7.916"/>
  <system-out/>
</testsuite> <!-- Database.SQL1 -->
