<?xml version="1.0" encoding="UTF-8"?>
<!-- Generated by org.testng.reporters.JUnitReportReporter -->
<testsuite hostname="E5-RDS01-2016" failures="0" tests="1" name="Database.MySQL1" time="7.589" errors="0" timestamp="2022-08-03T08:22:51 GMT" skipped="0">
  <testcase classname="Database.MySQL1" name="windowCreation1" time="7.589"/>
  <system-out/>
</testsuite> <!-- Database.MySQL1 -->
